[2024-02-01 11:54:31,597][flwr][INFO] - Starting Flower simulation, config: ServerConfig(num_rounds=10, round_timeout=None)
[2024-02-01 11:54:34,100][flwr][INFO] - Flower VCE: Ray initialized with resources: {'memory': 8727042458.0, 'node:__internal_head__': 1.0, 'CPU': 8.0, 'object_store_memory': 2147483648.0, 'node:127.0.0.1': 1.0}
[2024-02-01 11:54:34,100][flwr][INFO] - Optimize your simulation with Flower VCE: https://flower.dev/docs/framework/how-to-run-simulations.html
[2024-02-01 11:54:34,100][flwr][INFO] - No `client_resources` specified. Using minimal resources for clients.
[2024-02-01 11:54:34,100][flwr][INFO] - Flower VCE: Resources for each Virtual Client: {'num_cpus': 1, 'num_gpus': 0.0}
[2024-02-01 11:54:34,107][flwr][INFO] - Flower VCE: Creating VirtualClientEngineActorPool with 8 actors
[2024-02-01 11:54:34,107][flwr][INFO] - Initializing global parameters
[2024-02-01 11:54:34,107][flwr][INFO] - Requesting initial parameters from one random client
[2024-02-01 11:54:35,384][flwr][INFO] - Received initial parameters from one random client
[2024-02-01 11:54:35,384][flwr][INFO] - Evaluating initial parameters
[2024-02-01 11:54:36,145][flwr][INFO] - initial parameters (loss, other metrics): 193.76602029800415, {'accuracy': 0.0843}
[2024-02-01 11:54:36,146][flwr][INFO] - FL starting
[2024-02-01 11:54:36,146][flwr][DEBUG] - fit_round 1: strategy sampled 90 clients (out of 100)
[2024-02-01 11:55:14,913][flwr][DEBUG] - fit_round 1 received 90 results and 0 failures
[2024-02-01 11:55:14,997][flwr][WARNING] - No fit_metrics_aggregation_fn provided
[2024-02-01 11:55:15,764][flwr][INFO] - fit progress: (1, 191.34740614891052, {'accuracy': 0.2623}, 39.617642083)
[2024-02-01 11:55:15,764][flwr][DEBUG] - evaluate_round 1: strategy sampled 40 clients (out of 100)
[2024-02-01 11:55:31,553][flwr][DEBUG] - evaluate_round 1 received 40 results and 0 failures
[2024-02-01 11:55:31,555][flwr][WARNING] - No evaluate_metrics_aggregation_fn provided
[2024-02-01 11:55:31,555][flwr][DEBUG] - fit_round 2: strategy sampled 90 clients (out of 100)
[2024-02-01 11:56:09,887][flwr][DEBUG] - fit_round 2 received 90 results and 0 failures
[2024-02-01 11:56:10,734][flwr][INFO] - fit progress: (2, 187.80164456367493, {'accuracy': 0.4173}, 94.58730433299999)
[2024-02-01 11:56:10,734][flwr][DEBUG] - evaluate_round 2: strategy sampled 40 clients (out of 100)
[2024-02-01 11:56:26,685][flwr][DEBUG] - evaluate_round 2 received 40 results and 0 failures
[2024-02-01 11:56:26,686][flwr][DEBUG] - fit_round 3: strategy sampled 90 clients (out of 100)
[2024-02-01 11:57:34,069][flwr][DEBUG] - fit_round 3 received 90 results and 0 failures
[2024-02-01 11:57:37,470][flwr][INFO] - fit progress: (3, 176.21454691886902, {'accuracy': 0.5308}, 181.322720292)
[2024-02-01 11:57:37,471][flwr][DEBUG] - evaluate_round 3: strategy sampled 40 clients (out of 100)
[2024-02-01 11:58:06,785][flwr][DEBUG] - evaluate_round 3 received 40 results and 0 failures
[2024-02-01 11:58:06,786][flwr][DEBUG] - fit_round 4: strategy sampled 90 clients (out of 100)
[2024-02-01 11:59:24,527][flwr][DEBUG] - fit_round 4 received 90 results and 0 failures
[2024-02-01 11:59:28,008][flwr][INFO] - fit progress: (4, 119.97416412830353, {'accuracy': 0.6893}, 291.860277)
[2024-02-01 11:59:28,009][flwr][DEBUG] - evaluate_round 4: strategy sampled 40 clients (out of 100)
[2024-02-01 11:59:57,831][flwr][DEBUG] - evaluate_round 4 received 40 results and 0 failures
[2024-02-01 11:59:57,832][flwr][DEBUG] - fit_round 5: strategy sampled 90 clients (out of 100)
[2024-02-01 12:01:24,794][flwr][DEBUG] - fit_round 5 received 90 results and 0 failures
[2024-02-01 12:01:28,023][flwr][INFO] - fit progress: (5, 61.816244184970856, {'accuracy': 0.7781}, 411.873882167)
[2024-02-01 12:01:28,023][flwr][DEBUG] - evaluate_round 5: strategy sampled 40 clients (out of 100)
[2024-02-01 12:01:58,727][flwr][DEBUG] - evaluate_round 5 received 40 results and 0 failures
[2024-02-01 12:01:58,730][flwr][DEBUG] - fit_round 6: strategy sampled 90 clients (out of 100)
[2024-02-01 12:03:26,995][flwr][DEBUG] - fit_round 6 received 90 results and 0 failures
[2024-02-01 12:03:29,430][flwr][INFO] - fit progress: (6, 50.97733977437019, {'accuracy': 0.8274}, 533.279942958)
[2024-02-01 12:03:29,431][flwr][DEBUG] - evaluate_round 6: strategy sampled 40 clients (out of 100)
[2024-02-01 12:03:58,264][flwr][DEBUG] - evaluate_round 6 received 40 results and 0 failures
[2024-02-01 12:03:58,266][flwr][DEBUG] - fit_round 7: strategy sampled 90 clients (out of 100)
[2024-02-01 12:05:18,733][flwr][DEBUG] - fit_round 7 received 90 results and 0 failures
[2024-02-01 12:05:21,174][flwr][INFO] - fit progress: (7, 37.90337593853474, {'accuracy': 0.8653}, 645.022623917)
[2024-02-01 12:05:21,175][flwr][DEBUG] - evaluate_round 7: strategy sampled 40 clients (out of 100)
[2024-02-01 12:05:53,389][flwr][DEBUG] - evaluate_round 7 received 40 results and 0 failures
[2024-02-01 12:05:53,392][flwr][DEBUG] - fit_round 8: strategy sampled 90 clients (out of 100)
[2024-02-01 12:06:49,055][flwr][DEBUG] - fit_round 8 received 90 results and 0 failures
[2024-02-01 12:06:49,918][flwr][INFO] - fit progress: (8, 33.14661484956741, {'accuracy': 0.8866}, 733.7662898330001)
[2024-02-01 12:06:49,919][flwr][DEBUG] - evaluate_round 8: strategy sampled 40 clients (out of 100)
[2024-02-01 12:07:05,300][flwr][DEBUG] - evaluate_round 8 received 40 results and 0 failures
[2024-02-01 12:07:05,301][flwr][DEBUG] - fit_round 9: strategy sampled 90 clients (out of 100)
[2024-02-01 12:07:42,143][flwr][DEBUG] - fit_round 9 received 90 results and 0 failures
[2024-02-01 12:07:43,004][flwr][INFO] - fit progress: (9, 28.626713827252388, {'accuracy': 0.9022}, 786.851864083)
[2024-02-01 12:07:43,005][flwr][DEBUG] - evaluate_round 9: strategy sampled 40 clients (out of 100)
[2024-02-01 12:07:58,494][flwr][DEBUG] - evaluate_round 9 received 40 results and 0 failures
[2024-02-01 12:07:58,494][flwr][DEBUG] - fit_round 10: strategy sampled 90 clients (out of 100)
[2024-02-01 12:08:36,235][flwr][DEBUG] - fit_round 10 received 90 results and 0 failures
[2024-02-01 12:08:37,084][flwr][INFO] - fit progress: (10, 26.10210056975484, {'accuracy': 0.9105}, 840.931161375)
[2024-02-01 12:08:37,084][flwr][DEBUG] - evaluate_round 10: strategy sampled 40 clients (out of 100)
[2024-02-01 12:08:52,566][flwr][DEBUG] - evaluate_round 10 received 40 results and 0 failures
[2024-02-01 12:08:52,566][flwr][INFO] - FL finished in 856.412803125
[2024-02-01 12:08:52,567][flwr][INFO] - app_fit: losses_distributed [(1, 4.554538381099701), (2, 4.47343477010727), (3, 4.19223028421402), (4, 2.899459293484688), (5, 1.517743967473507), (6, 1.2684527680277824), (7, 0.9531438190490007), (8, 0.8537541411817073), (9, 0.7336896244436503), (10, 0.6619735768064856)]
[2024-02-01 12:08:52,567][flwr][INFO] - app_fit: metrics_distributed_fit {}
[2024-02-01 12:08:52,567][flwr][INFO] - app_fit: metrics_distributed {}
[2024-02-01 12:08:52,567][flwr][INFO] - app_fit: losses_centralized [(0, 193.76602029800415), (1, 191.34740614891052), (2, 187.80164456367493), (3, 176.21454691886902), (4, 119.97416412830353), (5, 61.816244184970856), (6, 50.97733977437019), (7, 37.90337593853474), (8, 33.14661484956741), (9, 28.626713827252388), (10, 26.10210056975484)]
[2024-02-01 12:08:52,567][flwr][INFO] - app_fit: metrics_centralized {'accuracy': [(0, 0.0843), (1, 0.2623), (2, 0.4173), (3, 0.5308), (4, 0.6893), (5, 0.7781), (6, 0.8274), (7, 0.8653), (8, 0.8866), (9, 0.9022), (10, 0.9105)]}
