[2024-02-01 15:50:53,094][flwr][INFO] - Starting Flower simulation, config: ServerConfig(num_rounds=20, round_timeout=None)
[2024-02-01 15:50:55,477][flwr][INFO] - Flower VCE: Ray initialized with resources: {'memory': 5465536922.0, 'node:__internal_head__': 1.0, 'node:127.0.0.1': 1.0, 'CPU': 8.0, 'object_store_memory': 2147483648.0}
[2024-02-01 15:50:55,477][flwr][INFO] - Optimize your simulation with Flower VCE: https://flower.dev/docs/framework/how-to-run-simulations.html
[2024-02-01 15:50:55,477][flwr][INFO] - No `client_resources` specified. Using minimal resources for clients.
[2024-02-01 15:50:55,477][flwr][INFO] - Flower VCE: Resources for each Virtual Client: {'num_cpus': 1, 'num_gpus': 0.0}
[2024-02-01 15:50:55,486][flwr][INFO] - Flower VCE: Creating VirtualClientEngineActorPool with 8 actors
[2024-02-01 15:50:55,487][flwr][INFO] - Initializing global parameters
[2024-02-01 15:50:55,487][flwr][INFO] - Requesting initial parameters from one random client
[2024-02-01 15:50:56,655][flwr][INFO] - Received initial parameters from one random client
[2024-02-01 15:50:56,655][flwr][INFO] - Evaluating initial parameters
[2024-02-01 15:50:57,302][flwr][INFO] - initial parameters (loss, other metrics): 193.5686914920807, {'accuracy': 0.0914}
[2024-02-01 15:50:57,302][flwr][INFO] - FL starting
[2024-02-01 15:50:57,302][flwr][DEBUG] - fit_round 1: strategy sampled 10 clients (out of 100)
[2024-02-01 15:51:03,727][flwr][DEBUG] - fit_round 1 received 10 results and 0 failures
[2024-02-01 15:51:03,735][flwr][WARNING] - No fit_metrics_aggregation_fn provided
[2024-02-01 15:51:04,340][flwr][INFO] - fit progress: (1, 192.3902153968811, {'accuracy': 0.1405}, 7.038403541)
[2024-02-01 15:51:04,340][flwr][DEBUG] - evaluate_round 1: strategy sampled 40 clients (out of 100)
[2024-02-01 15:51:19,838][flwr][DEBUG] - evaluate_round 1 received 40 results and 0 failures
[2024-02-01 15:51:19,838][flwr][WARNING] - No evaluate_metrics_aggregation_fn provided
[2024-02-01 15:51:19,839][flwr][DEBUG] - fit_round 2: strategy sampled 10 clients (out of 100)
[2024-02-01 15:51:24,159][flwr][DEBUG] - fit_round 2 received 10 results and 0 failures
[2024-02-01 15:51:24,772][flwr][INFO] - fit progress: (2, 190.88355445861816, {'accuracy': 0.1704}, 27.470520125)
[2024-02-01 15:51:24,773][flwr][DEBUG] - evaluate_round 2: strategy sampled 40 clients (out of 100)
[2024-02-01 15:51:39,099][flwr][DEBUG] - evaluate_round 2 received 40 results and 0 failures
[2024-02-01 15:51:39,100][flwr][DEBUG] - fit_round 3: strategy sampled 10 clients (out of 100)
[2024-02-01 15:51:43,251][flwr][DEBUG] - fit_round 3 received 10 results and 0 failures
[2024-02-01 15:51:43,870][flwr][INFO] - fit progress: (3, 187.777441740036, {'accuracy': 0.3967}, 46.567814125)
[2024-02-01 15:51:43,870][flwr][DEBUG] - evaluate_round 3: strategy sampled 40 clients (out of 100)
[2024-02-01 15:51:57,422][flwr][DEBUG] - evaluate_round 3 received 40 results and 0 failures
[2024-02-01 15:51:57,423][flwr][DEBUG] - fit_round 4: strategy sampled 10 clients (out of 100)
[2024-02-01 15:52:01,523][flwr][DEBUG] - fit_round 4 received 10 results and 0 failures
[2024-02-01 15:52:02,145][flwr][INFO] - fit progress: (4, 177.87670040130615, {'accuracy': 0.5445}, 64.84294525)
[2024-02-01 15:52:02,145][flwr][DEBUG] - evaluate_round 4: strategy sampled 40 clients (out of 100)
[2024-02-01 15:52:15,830][flwr][DEBUG] - evaluate_round 4 received 40 results and 0 failures
[2024-02-01 15:52:15,830][flwr][DEBUG] - fit_round 5: strategy sampled 10 clients (out of 100)
[2024-02-01 15:52:19,858][flwr][DEBUG] - fit_round 5 received 10 results and 0 failures
[2024-02-01 15:52:20,475][flwr][INFO] - fit progress: (5, 131.27127075195312, {'accuracy': 0.6491}, 83.17301875)
[2024-02-01 15:52:20,475][flwr][DEBUG] - evaluate_round 5: strategy sampled 40 clients (out of 100)
[2024-02-01 15:52:33,818][flwr][DEBUG] - evaluate_round 5 received 40 results and 0 failures
[2024-02-01 15:52:33,820][flwr][DEBUG] - fit_round 6: strategy sampled 10 clients (out of 100)
[2024-02-01 15:52:37,934][flwr][DEBUG] - fit_round 6 received 10 results and 0 failures
[2024-02-01 15:52:38,564][flwr][INFO] - fit progress: (6, 59.839360266923904, {'accuracy': 0.7781}, 101.262339333)
[2024-02-01 15:52:38,565][flwr][DEBUG] - evaluate_round 6: strategy sampled 40 clients (out of 100)
[2024-02-01 15:52:53,556][flwr][DEBUG] - evaluate_round 6 received 40 results and 0 failures
[2024-02-01 15:52:53,556][flwr][DEBUG] - fit_round 7: strategy sampled 10 clients (out of 100)
[2024-02-01 15:52:57,932][flwr][DEBUG] - fit_round 7 received 10 results and 0 failures
[2024-02-01 15:52:58,549][flwr][INFO] - fit progress: (7, 48.735774517059326, {'accuracy': 0.8392}, 121.24699458299999)
[2024-02-01 15:52:58,549][flwr][DEBUG] - evaluate_round 7: strategy sampled 40 clients (out of 100)
[2024-02-01 15:53:13,492][flwr][DEBUG] - evaluate_round 7 received 40 results and 0 failures
[2024-02-01 15:53:13,492][flwr][DEBUG] - fit_round 8: strategy sampled 10 clients (out of 100)
[2024-02-01 15:53:17,934][flwr][DEBUG] - fit_round 8 received 10 results and 0 failures
[2024-02-01 15:53:18,552][flwr][INFO] - fit progress: (8, 36.141302198171616, {'accuracy': 0.8707}, 141.250194166)
[2024-02-01 15:53:18,553][flwr][DEBUG] - evaluate_round 8: strategy sampled 40 clients (out of 100)
[2024-02-01 15:53:33,662][flwr][DEBUG] - evaluate_round 8 received 40 results and 0 failures
[2024-02-01 15:53:33,662][flwr][DEBUG] - fit_round 9: strategy sampled 10 clients (out of 100)
[2024-02-01 15:53:38,048][flwr][DEBUG] - fit_round 9 received 10 results and 0 failures
[2024-02-01 15:53:38,670][flwr][INFO] - fit progress: (9, 31.559127993881702, {'accuracy': 0.895}, 161.36787445800002)
[2024-02-01 15:53:38,670][flwr][DEBUG] - evaluate_round 9: strategy sampled 40 clients (out of 100)
[2024-02-01 15:53:52,969][flwr][DEBUG] - evaluate_round 9 received 40 results and 0 failures
[2024-02-01 15:53:52,969][flwr][DEBUG] - fit_round 10: strategy sampled 10 clients (out of 100)
[2024-02-01 15:53:57,067][flwr][DEBUG] - fit_round 10 received 10 results and 0 failures
[2024-02-01 15:53:57,682][flwr][INFO] - fit progress: (10, 28.877383053302765, {'accuracy': 0.895}, 180.38005395800002)
[2024-02-01 15:53:57,683][flwr][DEBUG] - evaluate_round 10: strategy sampled 40 clients (out of 100)
[2024-02-01 15:54:11,131][flwr][DEBUG] - evaluate_round 10 received 40 results and 0 failures
[2024-02-01 15:54:11,132][flwr][DEBUG] - fit_round 11: strategy sampled 10 clients (out of 100)
[2024-02-01 15:54:15,262][flwr][DEBUG] - fit_round 11 received 10 results and 0 failures
[2024-02-01 15:54:15,880][flwr][INFO] - fit progress: (11, 23.793566063046455, {'accuracy': 0.9198}, 198.57707108300002)
[2024-02-01 15:54:15,880][flwr][DEBUG] - evaluate_round 11: strategy sampled 40 clients (out of 100)
[2024-02-01 15:54:29,142][flwr][DEBUG] - evaluate_round 11 received 40 results and 0 failures
[2024-02-01 15:54:29,143][flwr][DEBUG] - fit_round 12: strategy sampled 10 clients (out of 100)
[2024-02-01 15:54:33,177][flwr][DEBUG] - fit_round 12 received 10 results and 0 failures
[2024-02-01 15:54:33,835][flwr][INFO] - fit progress: (12, 20.792961284518242, {'accuracy': 0.9271}, 216.532957791)
[2024-02-01 15:54:33,836][flwr][DEBUG] - evaluate_round 12: strategy sampled 40 clients (out of 100)
[2024-02-01 15:54:47,643][flwr][DEBUG] - evaluate_round 12 received 40 results and 0 failures
[2024-02-01 15:54:47,644][flwr][DEBUG] - fit_round 13: strategy sampled 10 clients (out of 100)
[2024-02-01 15:54:51,721][flwr][DEBUG] - fit_round 13 received 10 results and 0 failures
[2024-02-01 15:54:52,340][flwr][INFO] - fit progress: (13, 22.6069645434618, {'accuracy': 0.9192}, 235.037457708)
[2024-02-01 15:54:52,340][flwr][DEBUG] - evaluate_round 13: strategy sampled 40 clients (out of 100)
[2024-02-01 15:55:06,086][flwr][DEBUG] - evaluate_round 13 received 40 results and 0 failures
[2024-02-01 15:55:06,087][flwr][DEBUG] - fit_round 14: strategy sampled 10 clients (out of 100)
[2024-02-01 15:55:10,743][flwr][DEBUG] - fit_round 14 received 10 results and 0 failures
[2024-02-01 15:55:11,367][flwr][INFO] - fit progress: (14, 17.81738263182342, {'accuracy': 0.9365}, 254.064289333)
[2024-02-01 15:55:11,367][flwr][DEBUG] - evaluate_round 14: strategy sampled 40 clients (out of 100)
[2024-02-01 15:55:26,245][flwr][DEBUG] - evaluate_round 14 received 40 results and 0 failures
[2024-02-01 15:55:26,245][flwr][DEBUG] - fit_round 15: strategy sampled 10 clients (out of 100)
[2024-02-01 15:55:30,614][flwr][DEBUG] - fit_round 15 received 10 results and 0 failures
[2024-02-01 15:55:31,231][flwr][INFO] - fit progress: (15, 17.313999585807323, {'accuracy': 0.9397}, 273.928199583)
[2024-02-01 15:55:31,231][flwr][DEBUG] - evaluate_round 15: strategy sampled 40 clients (out of 100)
[2024-02-01 15:55:47,607][flwr][DEBUG] - evaluate_round 15 received 40 results and 0 failures
[2024-02-01 15:55:47,608][flwr][DEBUG] - fit_round 16: strategy sampled 10 clients (out of 100)
[2024-02-01 15:55:52,431][flwr][DEBUG] - fit_round 16 received 10 results and 0 failures
[2024-02-01 15:55:53,078][flwr][INFO] - fit progress: (16, 15.589618503116071, {'accuracy': 0.9442}, 295.77532299999996)
[2024-02-01 15:55:53,078][flwr][DEBUG] - evaluate_round 16: strategy sampled 40 clients (out of 100)
[2024-02-01 15:56:09,204][flwr][DEBUG] - evaluate_round 16 received 40 results and 0 failures
[2024-02-01 15:56:09,204][flwr][DEBUG] - fit_round 17: strategy sampled 10 clients (out of 100)
[2024-02-01 15:56:14,079][flwr][DEBUG] - fit_round 17 received 10 results and 0 failures
[2024-02-01 15:56:14,721][flwr][INFO] - fit progress: (17, 14.465423061978072, {'accuracy': 0.9492}, 317.41832608299995)
[2024-02-01 15:56:14,721][flwr][DEBUG] - evaluate_round 17: strategy sampled 40 clients (out of 100)
[2024-02-01 15:56:29,803][flwr][DEBUG] - evaluate_round 17 received 40 results and 0 failures
[2024-02-01 15:56:29,803][flwr][DEBUG] - fit_round 18: strategy sampled 10 clients (out of 100)
[2024-02-01 15:56:34,450][flwr][DEBUG] - fit_round 18 received 10 results and 0 failures
[2024-02-01 15:56:35,114][flwr][INFO] - fit progress: (18, 13.954492097254843, {'accuracy': 0.9501}, 337.81090908299996)
[2024-02-01 15:56:35,114][flwr][DEBUG] - evaluate_round 18: strategy sampled 40 clients (out of 100)
[2024-02-01 15:56:51,454][flwr][DEBUG] - evaluate_round 18 received 40 results and 0 failures
[2024-02-01 15:56:51,454][flwr][DEBUG] - fit_round 19: strategy sampled 10 clients (out of 100)
[2024-02-01 15:56:56,188][flwr][DEBUG] - fit_round 19 received 10 results and 0 failures
[2024-02-01 15:56:56,901][flwr][INFO] - fit progress: (19, 13.074984143022448, {'accuracy': 0.9525}, 359.59845370799997)
[2024-02-01 15:56:56,902][flwr][DEBUG] - evaluate_round 19: strategy sampled 40 clients (out of 100)
[2024-02-01 15:57:13,077][flwr][DEBUG] - evaluate_round 19 received 40 results and 0 failures
[2024-02-01 15:57:13,078][flwr][DEBUG] - fit_round 20: strategy sampled 10 clients (out of 100)
[2024-02-01 15:57:18,005][flwr][DEBUG] - fit_round 20 received 10 results and 0 failures
[2024-02-01 15:57:18,699][flwr][INFO] - fit progress: (20, 12.710310532711446, {'accuracy': 0.9544}, 381.396159458)
[2024-02-01 15:57:18,699][flwr][DEBUG] - evaluate_round 20: strategy sampled 40 clients (out of 100)
[2024-02-01 15:57:35,913][flwr][DEBUG] - evaluate_round 20 received 40 results and 0 failures
[2024-02-01 15:57:35,914][flwr][INFO] - FL finished in 398.61040599999995
[2024-02-01 15:57:35,914][flwr][INFO] - app_fit: losses_distributed [(1, 4.5802195250988005), (2, 4.543332093954087), (3, 4.472916334867477), (4, 4.238556188344956), (5, 3.13446858227253), (6, 1.4577748224139213), (7, 1.2263796769082547), (8, 0.8711669821292162), (9, 0.8004483111202717), (10, 0.7344558266922832), (11, 0.5952796649187804), (12, 0.5518505351617933), (13, 0.6050925897434354), (14, 0.45486715491861107), (15, 0.4358733824454248), (16, 0.38246555011719463), (17, 0.3634028181433678), (18, 0.3581363002769649), (19, 0.3411310022696853), (20, 0.30797181916423144)]
[2024-02-01 15:57:35,914][flwr][INFO] - app_fit: metrics_distributed_fit {}
[2024-02-01 15:57:35,914][flwr][INFO] - app_fit: metrics_distributed {}
[2024-02-01 15:57:35,914][flwr][INFO] - app_fit: losses_centralized [(0, 193.5686914920807), (1, 192.3902153968811), (2, 190.88355445861816), (3, 187.777441740036), (4, 177.87670040130615), (5, 131.27127075195312), (6, 59.839360266923904), (7, 48.735774517059326), (8, 36.141302198171616), (9, 31.559127993881702), (10, 28.877383053302765), (11, 23.793566063046455), (12, 20.792961284518242), (13, 22.6069645434618), (14, 17.81738263182342), (15, 17.313999585807323), (16, 15.589618503116071), (17, 14.465423061978072), (18, 13.954492097254843), (19, 13.074984143022448), (20, 12.710310532711446)]
[2024-02-01 15:57:35,914][flwr][INFO] - app_fit: metrics_centralized {'accuracy': [(0, 0.0914), (1, 0.1405), (2, 0.1704), (3, 0.3967), (4, 0.5445), (5, 0.6491), (6, 0.7781), (7, 0.8392), (8, 0.8707), (9, 0.895), (10, 0.895), (11, 0.9198), (12, 0.9271), (13, 0.9192), (14, 0.9365), (15, 0.9397), (16, 0.9442), (17, 0.9492), (18, 0.9501), (19, 0.9525), (20, 0.9544)]}
